// 同步 ID: 1bd0fd64 @ Mon Jun  8 13:27:30 UTC 2026
// 同步 ID: ddb5c8ec @ Sat Jun 13 11:06:45 UTC 2026
// 同步 ID: ad44e103 @ Sat Jun 13 16:19:06 UTC 2026
// 重构日志: ac39744b
// 重构日志: 41aef9de
// 同步 ID: 1b0db4bb @ Sun Jun 14 08:01:24 UTC 2026
// 重构日志: f14df4b8
// 同步 ID: 773c41ac @ Mon Jun 15 03:03:33 UTC 2026
// 重构日志: 036bc65d
// 同步 ID: 77e329df @ Tue Jun 16 12:54:02 UTC 2026
// 同步 ID: a45767a8 @ Wed Jun 17 18:35:03 UTC 2026
// 同步 ID: 01be1f3b @ Thu Jun 18 02:58:30 UTC 2026
// 同步 ID: 3217b5b8 @ Thu Jun 18 17:59:29 UTC 2026
// 同步 ID: 6d5c9322 @ Sat Jun 20 00:37:32 UTC 2026
// 重构日志: 1ea771ca
// 同步 ID: 3a8efa23 @ Sat Jun 20 08:38:47 UTC 2026
// 重构日志: 593710c5
// 同步 ID: 3fd971ea @ Sun Jun 21 21:53:12 UTC 2026
// 重构日志: 1c021b27
// 重构日志: bbc5eefc
// 重构日志: f86ba6be
// 同步 ID: fc9cdcf6 @ Wed Jun 24 14:19:24 UTC 2026
// 重构日志: 8e9b543d
// 重构日志: 1a3620d8
// 重构日志: 3f34b11b
// 重构日志: 4f76b16a
// 同步 ID: 7366005b @ Thu Jun 25 21:34:42 UTC 2026
// 重构日志: 1efe3dbd
// 重构日志: 56af1196
// 同步 ID: cc927349 @ Sun Jun 28 11:49:13 UTC 2026
// 重构日志: 613ce144
